sample.interval=20000
tryCatch <Anonymous> 
tryCatchOne tryCatchList tryCatch try 
matrix eval eval withVisible source 
matrix eval eval withVisible source 
matrix eval eval withVisible source 
matrix eval eval withVisible source 
matrix eval eval withVisible source 
matrix eval eval withVisible source 
matrix eval eval withVisible source 
file read.table read.csv2 eval eval withVisible source 
file source 
matrix eval eval withVisible source eval eval withVisible source 
matrix eval eval withVisible source eval eval withVisible source 
matrix eval eval withVisible source eval eval withVisible source 
matrix eval eval withVisible source eval eval withVisible source 
matrix eval eval withVisible source eval eval withVisible source 
matrix eval eval withVisible source eval eval withVisible source 
match %in% deparse mode source eval eval withVisible source 
file.info srcfilecopy source 
matrix eval eval withVisible source eval eval withVisible source 
matrix eval eval withVisible source eval eval withVisible source 
matrix eval eval withVisible source eval eval withVisible source 
matrix eval eval withVisible source eval eval withVisible source 
matrix eval eval withVisible source eval eval withVisible source 
matrix eval eval withVisible source eval eval withVisible source 
source eval eval withVisible source 
matrix eval eval withVisible source eval eval withVisible source eval eval withVisible source 
matrix eval eval withVisible source eval eval withVisible source eval eval withVisible source 
matrix eval eval withVisible source eval eval withVisible source eval eval withVisible source 
matrix eval eval withVisible source eval eval withVisible source eval eval withVisible source 
matrix eval eval withVisible source eval eval withVisible source eval eval withVisible source 
matrix eval eval withVisible source eval eval withVisible source eval eval withVisible source 
matrix eval eval withVisible source eval eval withVisible source eval eval withVisible source 
deparse mode source 
matrix eval eval withVisible source eval eval withVisible source 
matrix eval eval withVisible source eval eval withVisible source 
matrix eval eval withVisible source eval eval withVisible source 
matrix eval eval withVisible source eval eval withVisible source 
matrix eval eval withVisible source eval eval withVisible source 
matrix eval eval withVisible source eval eval withVisible source 
numeric eval eval withVisible source eval eval withVisible source 
matrix eval eval withVisible source eval eval withVisible source eval eval withVisible source 
matrix eval eval withVisible source eval eval withVisible source eval eval withVisible source 
matrix eval eval withVisible source eval eval withVisible source eval eval withVisible source 
matrix eval eval withVisible source eval eval withVisible source eval eval withVisible source 
matrix eval eval withVisible source eval eval withVisible source eval eval withVisible source 
matrix eval eval withVisible source eval eval withVisible source eval eval withVisible source 
matrix eval eval withVisible source eval eval withVisible source eval eval withVisible source 
scan read.table read.csv2 eval eval withVisible source eval eval withVisible source eval eval withVisible source 
matrix eval eval withVisible source eval eval withVisible source eval eval withVisible source 
matrix eval eval withVisible source eval eval withVisible source eval eval withVisible source 
matrix eval eval withVisible source eval eval withVisible source eval eval withVisible source 
matrix eval eval withVisible source eval eval withVisible source eval eval withVisible source 
matrix eval eval withVisible source eval eval withVisible source eval eval withVisible source 
matrix eval eval withVisible source eval eval withVisible source eval eval withVisible source 
numeric eval eval withVisible source eval eval withVisible source eval eval withVisible source 
matrix eval eval withVisible source eval eval withVisible source eval eval withVisible source eval eval withVisible source 
matrix eval eval withVisible source eval eval withVisible source eval eval withVisible source eval eval withVisible source 
matrix eval eval withVisible source eval eval withVisible source eval eval withVisible source eval eval withVisible source 
matrix eval eval withVisible source eval eval withVisible source eval eval withVisible source eval eval withVisible source 
matrix eval eval withVisible source eval eval withVisible source eval eval withVisible source eval eval withVisible source 
matrix eval eval withVisible source eval eval withVisible source eval eval withVisible source eval eval withVisible source 
matrix eval eval withVisible source eval eval withVisible source eval eval withVisible source eval eval withVisible source 
close read.table read.csv2 eval eval withVisible source eval eval withVisible source eval eval withVisible source eval eval withVisible source 
length [.data.frame [ read_ap eval eval withVisible source 
read_ap eval eval withVisible source 
length [.data.frame [ read_ap eval eval withVisible source 
[.data.frame [ read_ap eval eval withVisible source 
[.data.frame [ read_ap eval eval withVisible source 
[.data.frame [ read_ap eval eval withVisible source 
%in% [.data.frame [ read_ap eval eval withVisible source 
[.data.frame [ read_ap eval eval withVisible source 
sys.call match %in% [.data.frame [ read_ap eval eval withVisible source 
sys.call match %in% [.data.frame [ read_ap eval eval withVisible source 
read_ap eval eval withVisible source 
[.data.frame [ read_ap eval eval withVisible source 
[.data.frame [ read_ap eval eval withVisible source 
read_ap eval eval withVisible source 
[ read_ap eval eval withVisible source 
match %in% [.data.frame [ read_ap eval eval withVisible source 
[ read_ap eval eval withVisible source 
match %in% [.data.frame [ read_ap eval eval withVisible source 
[ read_ap eval eval withVisible source 
[ read_ap eval eval withVisible source 
file read.table read_ap eval eval withVisible source 
[ read_ap eval eval withVisible source 
names [.data.frame [ read_ap eval eval withVisible source 
[ read_ap eval eval withVisible source 
[.data.frame [ read_ap eval eval withVisible source 
match %in% [.data.frame [ read_ap eval eval withVisible source 
+ [.data.frame [ read_ap eval eval withVisible source 
[.data.frame [ read_ap eval eval withVisible source 
match %in% [.data.frame [ read_ap eval eval withVisible source 
[.data.frame [ read_ap eval eval withVisible source 
[.data.frame [ read_ap eval eval withVisible source 
[.data.frame [ read_ap eval eval withVisible source 
[.data.frame [ read_ap eval eval withVisible source 
[.data.frame [ read_ap eval eval withVisible source 
[.data.frame [ read_ap eval eval withVisible source 
[.data.frame [ read_ap eval eval withVisible source 
[.data.frame [ read_ap eval eval withVisible source 
length [.data.frame [ read_ap eval eval withVisible source 
[.data.frame [ read_ap eval eval withVisible source 
+ [.data.frame [ read_ap eval eval withVisible source 
scan read.table read_ap eval eval withVisible source 
[.data.frame [ read_ap eval eval withVisible source 
[.data.frame [ read_ap eval eval withVisible source 
names [.data.frame [ read_ap eval eval withVisible source 
names [.data.frame [ read_ap eval eval withVisible source 
+ read_ap eval eval withVisible source 
[.data.frame [ read_ap eval eval withVisible source 
[ read_ap eval eval withVisible source 
read_ap eval eval withVisible source 
match %in% [.data.frame [ read_ap eval eval withVisible source 
[.data.frame [ read_ap eval eval withVisible source 
sys.call match %in% [.data.frame [ read_ap eval eval withVisible source 
sys.call match %in% [.data.frame [ read_ap eval eval withVisible source 
read_ap eval eval withVisible source 
read_ap eval eval withVisible source 
read_ap eval eval withVisible source 
[.data.frame [ read_ap eval eval withVisible source 
sys.call match %in% [.data.frame [ read_ap eval eval withVisible source 
[.data.frame [ read_ap eval eval withVisible source 
match %in% [.data.frame [ read_ap eval eval withVisible source 
scan read.table read_ap eval eval withVisible source 
sys.call match %in% [.data.frame [ read_ap eval eval withVisible source 
[.data.frame [ read_ap eval eval withVisible source 
[.data.frame [ read_ap eval eval withVisible source 
read_ap eval eval withVisible source 
[.data.frame [ read_ap eval eval withVisible source 
[.data.frame [ read_ap eval eval withVisible source 
[.data.frame [ read_ap eval eval withVisible source 
[.data.frame [ read_ap eval eval withVisible source 
[.data.frame [ read_ap eval eval withVisible source 
[.data.frame [ read_ap eval eval withVisible source 
names [.data.frame [ read_ap eval eval withVisible source 
read_ap eval eval withVisible source 
[.data.frame [ read_ap eval eval withVisible source 
[.data.frame [ read_ap eval eval withVisible source 
[.data.frame [ read_ap eval eval withVisible source 
names [.data.frame [ read_ap eval eval withVisible source 
[.data.frame [ read_ap eval eval withVisible source 
length [.data.frame [ read_ap eval eval withVisible source 
length [.data.frame [ read_ap eval eval withVisible source 
load 
load 
load 
load 
load 
load 
load 
load 
load 
load 
load 
load 
load 
load 
load 
load 
load 
load 
load 
load 
load 
load 
load 
load 
load 
load 
load 
load 
load 
load 
load 
load 
load 
load 
load 
load 
